[16:36:55] [main/INFO]: Logging in with username & password
[16:37:14] [main/INFO]: Setting user: Clackman7
[16:37:21] [Client thread/INFO]: LWJGL Version: 2.9.1
[16:37:39] [Client thread/INFO]: Reloading ResourceManager: Default, FMLFileResourcePack:Forge Mod Loader, FMLFileResourcePack:Minecraft Forge, FMLFileResourcePack:Not Enough Items, FMLFileResourcePack:Soul Glass Mod, FMLFileResourcePack:Damage Indicators
[16:37:41] [Sound Library Loader/INFO]: Sound engine started
[16:37:47] [Client thread/INFO]: Created: 512x256 textures/blocks-atlas
[16:37:47] [Client thread/ERROR]: Using missing texture, unable to load soulglassmod:textures/items/BlockStackaBlockPlacer.png
java.io.FileNotFoundException: soulglassmod:textures/items/BlockStackaBlockPlacer.png
	at net.minecraft.client.resources.FallbackResourceManager.getResource(FallbackResourceManager.java:65) ~[FallbackResourceManager.class:?]
	at net.minecraft.client.resources.SimpleReloadableResourceManager.getResource(SimpleReloadableResourceManager.java:67) ~[SimpleReloadableResourceManager.class:?]
	at net.minecraft.client.renderer.texture.TextureMap.loadTextureAtlas(TextureMap.java:126) [TextureMap.class:?]
	at net.minecraft.client.renderer.texture.TextureMap.loadTexture(TextureMap.java:91) [TextureMap.class:?]
	at net.minecraft.client.renderer.texture.TextureManager.loadTexture(TextureManager.java:89) [TextureManager.class:?]
	at net.minecraft.client.renderer.texture.TextureManager.loadTickableTexture(TextureManager.java:71) [TextureManager.class:?]
	at net.minecraft.client.renderer.texture.TextureManager.loadTextureMap(TextureManager.java:58) [TextureManager.class:?]
	at net.minecraft.client.Minecraft.startGame(Minecraft.java:583) [Minecraft.class:?]
	at net.minecraft.client.Minecraft.run(Minecraft.java:931) [Minecraft.class:?]
	at net.minecraft.client.main.Main.main(Main.java:164) [Main.class:?]
	at sun.reflect.NativeMethodAccessorImpl.invoke0(Native Method) ~[?:1.8.0_25]
	at sun.reflect.NativeMethodAccessorImpl.invoke(NativeMethodAccessorImpl.java:62) ~[?:1.8.0_25]
	at sun.reflect.DelegatingMethodAccessorImpl.invoke(DelegatingMethodAccessorImpl.java:43) ~[?:1.8.0_25]
	at java.lang.reflect.Method.invoke(Method.java:483) ~[?:1.8.0_25]
	at net.minecraft.launchwrapper.Launch.launch(Launch.java:135) [launchwrapper-1.11.jar:?]
	at net.minecraft.launchwrapper.Launch.main(Launch.java:28) [launchwrapper-1.11.jar:?]
	at net.minecraftforge.gradle.GradleStartCommon.launch(Unknown Source) [start/:?]
	at GradleStart.main(Unknown Source) [start/:?]
	at sun.reflect.NativeMethodAccessorImpl.invoke0(Native Method) ~[?:1.8.0_25]
	at sun.reflect.NativeMethodAccessorImpl.invoke(NativeMethodAccessorImpl.java:62) ~[?:1.8.0_25]
	at sun.reflect.DelegatingMethodAccessorImpl.invoke(DelegatingMethodAccessorImpl.java:43) ~[?:1.8.0_25]
	at java.lang.reflect.Method.invoke(Method.java:483) ~[?:1.8.0_25]
	at com.intellij.rt.execution.application.AppMain.main(AppMain.java:140) [idea_rt.jar:?]
[16:37:48] [Client thread/INFO]: Created: 256x256 textures/items-atlas
[16:37:49] [Client thread/INFO]: Reloading ResourceManager: Default, FMLFileResourcePack:Forge Mod Loader, FMLFileResourcePack:Minecraft Forge, FMLFileResourcePack:Not Enough Items, FMLFileResourcePack:Soul Glass Mod, FMLFileResourcePack:Damage Indicators
[16:37:50] [Client thread/INFO]: Created: 512x256 textures/blocks-atlas
[16:37:50] [Client thread/ERROR]: Using missing texture, unable to load soulglassmod:textures/items/BlockStackaBlockPlacer.png
java.io.FileNotFoundException: soulglassmod:textures/items/BlockStackaBlockPlacer.png
	at net.minecraft.client.resources.FallbackResourceManager.getResource(FallbackResourceManager.java:65) ~[FallbackResourceManager.class:?]
	at net.minecraft.client.resources.SimpleReloadableResourceManager.getResource(SimpleReloadableResourceManager.java:67) ~[SimpleReloadableResourceManager.class:?]
	at net.minecraft.client.renderer.texture.TextureMap.loadTextureAtlas(TextureMap.java:126) [TextureMap.class:?]
	at net.minecraft.client.renderer.texture.TextureMap.loadTexture(TextureMap.java:91) [TextureMap.class:?]
	at net.minecraft.client.renderer.texture.TextureManager.loadTexture(TextureManager.java:89) [TextureManager.class:?]
	at net.minecraft.client.renderer.texture.TextureManager.onResourceManagerReload(TextureManager.java:170) [TextureManager.class:?]
	at net.minecraft.client.resources.SimpleReloadableResourceManager.notifyReloadListeners(SimpleReloadableResourceManager.java:134) [SimpleReloadableResourceManager.class:?]
	at net.minecraft.client.resources.SimpleReloadableResourceManager.reloadResources(SimpleReloadableResourceManager.java:118) [SimpleReloadableResourceManager.class:?]
	at net.minecraft.client.Minecraft.refreshResources(Minecraft.java:643) [Minecraft.class:?]
	at cpw.mods.fml.client.FMLClientHandler.finishMinecraftLoading(FMLClientHandler.java:303) [FMLClientHandler.class:?]
	at net.minecraft.client.Minecraft.startGame(Minecraft.java:586) [Minecraft.class:?]
	at net.minecraft.client.Minecraft.run(Minecraft.java:931) [Minecraft.class:?]
	at net.minecraft.client.main.Main.main(Main.java:164) [Main.class:?]
	at sun.reflect.NativeMethodAccessorImpl.invoke0(Native Method) ~[?:1.8.0_25]
	at sun.reflect.NativeMethodAccessorImpl.invoke(NativeMethodAccessorImpl.java:62) ~[?:1.8.0_25]
	at sun.reflect.DelegatingMethodAccessorImpl.invoke(DelegatingMethodAccessorImpl.java:43) ~[?:1.8.0_25]
	at java.lang.reflect.Method.invoke(Method.java:483) ~[?:1.8.0_25]
	at net.minecraft.launchwrapper.Launch.launch(Launch.java:135) [launchwrapper-1.11.jar:?]
	at net.minecraft.launchwrapper.Launch.main(Launch.java:28) [launchwrapper-1.11.jar:?]
	at net.minecraftforge.gradle.GradleStartCommon.launch(Unknown Source) [start/:?]
	at GradleStart.main(Unknown Source) [start/:?]
	at sun.reflect.NativeMethodAccessorImpl.invoke0(Native Method) ~[?:1.8.0_25]
	at sun.reflect.NativeMethodAccessorImpl.invoke(NativeMethodAccessorImpl.java:62) ~[?:1.8.0_25]
	at sun.reflect.DelegatingMethodAccessorImpl.invoke(DelegatingMethodAccessorImpl.java:43) ~[?:1.8.0_25]
	at java.lang.reflect.Method.invoke(Method.java:483) ~[?:1.8.0_25]
	at com.intellij.rt.execution.application.AppMain.main(AppMain.java:140) [idea_rt.jar:?]
[16:37:50] [Client thread/INFO]: Created: 256x256 textures/items-atlas
[16:37:51] [Sound Library Loader/INFO]: Sound engine started
[16:38:12] [Server thread/INFO]: Starting integrated minecraft server version 1.7.10
[16:38:12] [Server thread/INFO]: Generating keypair
[16:38:14] [Server thread/INFO]: Preparing start region for level 0
[16:38:15] [Server thread/INFO]: Preparing spawn area: 72%
[16:38:15] [Server thread/INFO]: Changing view distance to 12, from 10
[16:38:17] [Server thread/INFO]: Clackman7[local:E:9c61f105] logged in with entity id 176 at (486.8749097808077, 4.0, 279.2150581519883)
[16:38:17] [Server thread/INFO]: Clackman7 joined the game
[16:38:19] [Server thread/INFO]: Saving and pausing game...
[16:38:19] [Server thread/INFO]: Saving chunks for level 'New World'/Overworld
[16:38:20] [Server thread/INFO]: Saving chunks for level 'New World'/Nether
[16:38:20] [Server thread/INFO]: Saving chunks for level 'New World'/The End
[16:38:27] [Client thread/INFO]: [CHAT] Damage Indicators v.3.2.3.0 is up to date.
[16:38:37] [Client thread/INFO]: [CHAT] Day 12. 18:00
[16:38:38] [Server thread/INFO]: Saving and pausing game...
[16:38:38] [Server thread/INFO]: Saving chunks for level 'New World'/Overworld
[16:38:38] [Server thread/INFO]: Saving chunks for level 'New World'/Nether
[16:38:38] [Server thread/INFO]: Saving chunks for level 'New World'/The End
[16:39:59] [Server thread/INFO]: Saving and pausing game...
[16:39:59] [Server thread/INFO]: Saving chunks for level 'New World'/Overworld
[16:39:59] [Server thread/INFO]: Saving chunks for level 'New World'/Nether
[16:39:59] [Server thread/INFO]: Saving chunks for level 'New World'/The End
[16:40:01] [Client thread/INFO]: [CHAT] Day 13. 6:00
[16:40:01] [Server thread/INFO]: Saving and pausing game...
[16:40:01] [Server thread/INFO]: Saving chunks for level 'New World'/Overworld
[16:40:02] [Server thread/INFO]: Saving chunks for level 'New World'/Nether
[16:40:02] [Server thread/INFO]: Saving chunks for level 'New World'/The End
[16:40:11] [Server thread/INFO]: [Clackman7: Given [Soul Glass Helmet] * 1 to Clackman7]
[16:40:11] [Client thread/INFO]: [CHAT] Given [Soul Glass Helmet] * 1 to Clackman7
[16:40:11] [Server thread/INFO]: [Clackman7: Given [Soul Glass Chestplate] * 1 to Clackman7]
[16:40:11] [Client thread/INFO]: [CHAT] Given [Soul Glass Chestplate] * 1 to Clackman7
[16:40:12] [Server thread/INFO]: [Clackman7: Given [Soul Glass Leggings] * 1 to Clackman7]
[16:40:12] [Client thread/INFO]: [CHAT] Given [Soul Glass Leggings] * 1 to Clackman7
[16:40:12] [Server thread/INFO]: [Clackman7: Given [Soul Glass Boots] * 1 to Clackman7]
[16:40:12] [Client thread/INFO]: [CHAT] Given [Soul Glass Boots] * 1 to Clackman7
[16:40:27] [Client thread/WARN]: Failed to load texture: soulglassmod:/armor/WITHER_1.png
java.io.FileNotFoundException: soulglassmod:/armor/WITHER_1.png
	at net.minecraft.client.resources.FallbackResourceManager.getResource(FallbackResourceManager.java:65) ~[FallbackResourceManager.class:?]
	at net.minecraft.client.resources.SimpleReloadableResourceManager.getResource(SimpleReloadableResourceManager.java:67) ~[SimpleReloadableResourceManager.class:?]
	at net.minecraft.client.renderer.texture.SimpleTexture.loadTexture(SimpleTexture.java:35) ~[SimpleTexture.class:?]
	at net.minecraft.client.renderer.texture.TextureManager.loadTexture(TextureManager.java:89) [TextureManager.class:?]
	at net.minecraft.client.renderer.texture.TextureManager.bindTexture(TextureManager.java:45) [TextureManager.class:?]
	at net.minecraft.client.renderer.entity.Render.bindTexture(Render.java:60) [Render.class:?]
	at net.minecraft.client.renderer.entity.RenderPlayer.shouldRenderPass(RenderPlayer.java:70) [RenderPlayer.class:?]
	at net.minecraft.client.renderer.entity.RenderPlayer.shouldRenderPass(RenderPlayer.java:517) [RenderPlayer.class:?]
	at net.minecraft.client.renderer.entity.RendererLivingEntity.doRender(RendererLivingEntity.java:173) [RendererLivingEntity.class:?]
	at net.minecraft.client.renderer.entity.RenderPlayer.doRender(RenderPlayer.java:167) [RenderPlayer.class:?]
	at net.minecraft.client.renderer.entity.RenderPlayer.doRender(RenderPlayer.java:565) [RenderPlayer.class:?]
	at net.minecraft.client.renderer.entity.RenderManager.func_147939_a(RenderManager.java:300) [RenderManager.class:?]
	at net.minecraft.client.renderer.entity.RenderManager.renderEntityWithPosYaw(RenderManager.java:283) [RenderManager.class:?]
	at net.minecraft.client.gui.inventory.GuiInventory.func_147046_a(GuiInventory.java:112) [GuiInventory.class:?]
	at net.minecraft.client.gui.inventory.GuiInventory.drawGuiContainerBackgroundLayer(GuiInventory.java:86) [GuiInventory.class:?]
	at net.minecraft.client.gui.inventory.GuiContainer.drawScreen(GuiContainer.java:93) [GuiContainer.class:?]
	at net.minecraft.client.renderer.InventoryEffectRenderer.drawScreen(InventoryEffectRenderer.java:44) [InventoryEffectRenderer.class:?]
	at net.minecraft.client.gui.inventory.GuiInventory.drawScreen(GuiInventory.java:74) [GuiInventory.class:?]
	at net.minecraft.client.renderer.EntityRenderer.updateCameraAndRender(EntityRenderer.java:1137) [EntityRenderer.class:?]
	at net.minecraft.client.Minecraft.runGameLoop(Minecraft.java:1056) [Minecraft.class:?]
	at net.minecraft.client.Minecraft.run(Minecraft.java:951) [Minecraft.class:?]
	at net.minecraft.client.main.Main.main(Main.java:164) [Main.class:?]
	at sun.reflect.NativeMethodAccessorImpl.invoke0(Native Method) ~[?:1.8.0_25]
	at sun.reflect.NativeMethodAccessorImpl.invoke(NativeMethodAccessorImpl.java:62) ~[?:1.8.0_25]
	at sun.reflect.DelegatingMethodAccessorImpl.invoke(DelegatingMethodAccessorImpl.java:43) ~[?:1.8.0_25]
	at java.lang.reflect.Method.invoke(Method.java:483) ~[?:1.8.0_25]
	at net.minecraft.launchwrapper.Launch.launch(Launch.java:135) [launchwrapper-1.11.jar:?]
	at net.minecraft.launchwrapper.Launch.main(Launch.java:28) [launchwrapper-1.11.jar:?]
	at net.minecraftforge.gradle.GradleStartCommon.launch(Unknown Source) [start/:?]
	at GradleStart.main(Unknown Source) [start/:?]
	at sun.reflect.NativeMethodAccessorImpl.invoke0(Native Method) ~[?:1.8.0_25]
	at sun.reflect.NativeMethodAccessorImpl.invoke(NativeMethodAccessorImpl.java:62) ~[?:1.8.0_25]
	at sun.reflect.DelegatingMethodAccessorImpl.invoke(DelegatingMethodAccessorImpl.java:43) ~[?:1.8.0_25]
	at java.lang.reflect.Method.invoke(Method.java:483) ~[?:1.8.0_25]
	at com.intellij.rt.execution.application.AppMain.main(AppMain.java:140) [idea_rt.jar:?]
[16:41:01] [Server thread/INFO]: [Clackman7: Given [Grass Block] * ? to Clackman7]
[16:41:01] [Client thread/INFO]: [CHAT] Given [Grass Block] * ? to Clackman7
[16:41:38] [Server thread/INFO]: [Clackman7: Given [Soul Glass Helmet] * 1 to Clackman7]
[16:41:38] [Client thread/INFO]: [CHAT] Given [Soul Glass Helmet] * 1 to Clackman7
[16:41:38] [Server thread/INFO]: [Clackman7: Given [Soul Glass Chestplate] * 1 to Clackman7]
[16:41:38] [Client thread/INFO]: [CHAT] Given [Soul Glass Chestplate] * 1 to Clackman7
[16:41:39] [Server thread/INFO]: [Clackman7: Given [Soul Glass Leggings] * 1 to Clackman7]
[16:41:39] [Client thread/INFO]: [CHAT] Given [Soul Glass Leggings] * 1 to Clackman7
[16:41:39] [Server thread/INFO]: [Clackman7: Given [Soul Glass Boots] * 1 to Clackman7]
[16:41:39] [Client thread/INFO]: [CHAT] Given [Soul Glass Boots] * 1 to Clackman7
[16:41:46] [Server thread/INFO]: Saving and pausing game...
[16:41:46] [Server thread/INFO]: Saving chunks for level 'New World'/Overworld
[16:41:46] [Server thread/INFO]: Saving chunks for level 'New World'/Nether
[16:41:46] [Server thread/INFO]: Saving chunks for level 'New World'/The End
[16:41:57] [Server thread/INFO]: [Clackman7: Set game difficulty to Easy]
[16:41:57] [Client thread/INFO]: [CHAT] Set game difficulty to Easy
[16:41:59] [Server thread/INFO]: Saving and pausing game...
[16:41:59] [Server thread/INFO]: Saving chunks for level 'New World'/Overworld
[16:41:59] [Server thread/INFO]: Saving chunks for level 'New World'/Nether
[16:41:59] [Server thread/INFO]: Saving chunks for level 'New World'/The End
[16:42:02] [Client thread/INFO]: [CHAT] Day 14. 12:00
[16:42:05] [Client thread/INFO]: [CHAT] Day 15. 18:00
[16:42:49] [Server thread/INFO]: [Clackman7: Given Fire Resistance (ID 12) * 0 to Clackman7 for 30 seconds]
[16:42:49] [Client thread/INFO]: [CHAT] Given Fire Resistance (ID 12) * 0 to Clackman7 for 30 seconds
[16:42:56] [Server thread/INFO]: [Clackman7: Given Water Breathing (ID 13) * 0 to Clackman7 for 30 seconds]
[16:42:56] [Client thread/INFO]: [CHAT] Given Water Breathing (ID 13) * 0 to Clackman7 for 30 seconds
[16:42:58] [Client thread/WARN]: Unable to play unknown soundEvent: minecraft:mob.attack
[16:42:59] [Server thread/INFO]: [Clackman7: Given Invisibility (ID 14) * 0 to Clackman7 for 30 seconds]
[16:42:59] [Client thread/INFO]: [CHAT] Given Invisibility (ID 14) * 0 to Clackman7 for 30 seconds
[16:43:01] [Server thread/INFO]: [Clackman7: Given Blindness (ID 15) * 0 to Clackman7 for 30 seconds]
[16:43:01] [Client thread/INFO]: [CHAT] Given Blindness (ID 15) * 0 to Clackman7 for 30 seconds
[16:43:04] [Server thread/INFO]: [Clackman7: Given Night Vision (ID 16) * 0 to Clackman7 for 30 seconds]
[16:43:04] [Client thread/INFO]: [CHAT] Given Night Vision (ID 16) * 0 to Clackman7 for 30 seconds
[16:43:05] [Client thread/WARN]: Unable to play unknown soundEvent: minecraft:mob.attack
[16:43:06] [Server thread/INFO]: [Clackman7: Given Hunger (ID 17) * 0 to Clackman7 for 30 seconds]
[16:43:06] [Client thread/INFO]: [CHAT] Given Hunger (ID 17) * 0 to Clackman7 for 30 seconds
[16:43:09] [Server thread/INFO]: [Clackman7: Given Weakness (ID 18) * 0 to Clackman7 for 30 seconds]
[16:43:09] [Client thread/INFO]: [CHAT] Given Weakness (ID 18) * 0 to Clackman7 for 30 seconds
[16:43:11] [Server thread/INFO]: [Clackman7: Given Poison (ID 19) * 0 to Clackman7 for 30 seconds]
[16:43:11] [Client thread/INFO]: [CHAT] Given Poison (ID 19) * 0 to Clackman7 for 30 seconds
[16:43:13] [Client thread/WARN]: Unable to play unknown soundEvent: minecraft:mob.attack
[16:43:16] [Server thread/INFO]: [Clackman7: Given Wither (ID 20) * 0 to Clackman7 for 30 seconds]
[16:43:16] [Client thread/INFO]: [CHAT] Given Wither (ID 20) * 0 to Clackman7 for 30 seconds
[16:43:19] [Server thread/INFO]: [Clackman7: Given Health Boost (ID 21) * 0 to Clackman7 for 30 seconds]
[16:43:19] [Client thread/INFO]: [CHAT] Given Health Boost (ID 21) * 0 to Clackman7 for 30 seconds
[16:43:22] [Server thread/INFO]: [Clackman7: Given Absorption (ID 22) * 0 to Clackman7 for 30 seconds]
[16:43:22] [Client thread/INFO]: [CHAT] Given Absorption (ID 22) * 0 to Clackman7 for 30 seconds
[16:43:25] [Server thread/INFO]: [Clackman7: Given Saturation (ID 23) * 0 to Clackman7 for 30 seconds]
[16:43:25] [Client thread/INFO]: [CHAT] Given Saturation (ID 23) * 0 to Clackman7 for 30 seconds
[16:43:26] [Server thread/INFO]: [Clackman7: Given Saturation (ID 23) * 0 to Clackman7 for 30 seconds]
[16:43:26] [Client thread/INFO]: [CHAT] Given Saturation (ID 23) * 0 to Clackman7 for 30 seconds
[16:43:28] [Server thread/INFO]: Clackman7 withered away
[16:43:28] [Client thread/INFO]: [CHAT] Clackman7 withered away
[16:43:29] [Client thread/INFO]: [CHAT] There is no such mob effect with ID 24
[16:43:36] [Server thread/INFO]: [Clackman7: Given Nausea (ID 9) * 0 to Clackman7 for 30 seconds]
[16:43:36] [Client thread/INFO]: [CHAT] Given Nausea (ID 9) * 0 to Clackman7 for 30 seconds
[16:43:40] [Server thread/INFO]: [Clackman7: Given Regeneration (ID 10) * 0 to Clackman7 for 30 seconds]
[16:43:40] [Client thread/INFO]: [CHAT] Given Regeneration (ID 10) * 0 to Clackman7 for 30 seconds
[16:43:42] [Server thread/INFO]: [Clackman7: Given Resistance (ID 11) * 0 to Clackman7 for 30 seconds]
[16:43:42] [Client thread/INFO]: [CHAT] Given Resistance (ID 11) * 0 to Clackman7 for 30 seconds
[16:43:44] [Server thread/INFO]: [Clackman7: Given Fire Resistance (ID 12) * 0 to Clackman7 for 30 seconds]
[16:43:45] [Client thread/INFO]: [CHAT] Given Fire Resistance (ID 12) * 0 to Clackman7 for 30 seconds
[16:43:50] [Server thread/INFO]: [Clackman7: Given Jump Boost (ID 8) * 0 to Clackman7 for 30 seconds]
[16:43:50] [Client thread/INFO]: [CHAT] Given Jump Boost (ID 8) * 0 to Clackman7 for 30 seconds
[16:43:53] [Server thread/INFO]: [Clackman7: Given Instant Damage (ID 7) * 0 to Clackman7 for 30 seconds]
[16:43:53] [Client thread/INFO]: [CHAT] Given Instant Damage (ID 7) * 0 to Clackman7 for 30 seconds
[16:43:56] [Server thread/INFO]: [Clackman7: Given Instant Health (ID 6) * 0 to Clackman7 for 30 seconds]
[16:43:56] [Client thread/INFO]: [CHAT] Given Instant Health (ID 6) * 0 to Clackman7 for 30 seconds
[16:43:58] [Server thread/INFO]: [Clackman7: Given Instant Health (ID 6) * 0 to Clackman7 for 30 seconds]
[16:43:58] [Client thread/INFO]: [CHAT] Given Instant Health (ID 6) * 0 to Clackman7 for 30 seconds
[16:44:00] [Server thread/INFO]: [Clackman7: Given Instant Health (ID 6) * 0 to Clackman7 for 30 seconds]
[16:44:00] [Client thread/INFO]: [CHAT] Given Instant Health (ID 6) * 0 to Clackman7 for 30 seconds
[16:44:01] [Server thread/INFO]: [Clackman7: Given Instant Health (ID 6) * 0 to Clackman7 for 30 seconds]
[16:44:01] [Client thread/INFO]: [CHAT] Given Instant Health (ID 6) * 0 to Clackman7 for 30 seconds
[16:44:01] [Server thread/INFO]: [Clackman7: Given Instant Health (ID 6) * 0 to Clackman7 for 30 seconds]
[16:44:01] [Client thread/INFO]: [CHAT] Given Instant Health (ID 6) * 0 to Clackman7 for 30 seconds
[16:44:02] [Server thread/INFO]: [Clackman7: Given Instant Health (ID 6) * 0 to Clackman7 for 30 seconds]
[16:44:02] [Client thread/INFO]: [CHAT] Given Instant Health (ID 6) * 0 to Clackman7 for 30 seconds
[16:44:03] [Server thread/INFO]: [Clackman7: Given Instant Health (ID 6) * 0 to Clackman7 for 30 seconds]
[16:44:03] [Client thread/INFO]: [CHAT] Given Instant Health (ID 6) * 0 to Clackman7 for 30 seconds
[16:44:04] [Server thread/INFO]: [Clackman7: Given Instant Health (ID 6) * 0 to Clackman7 for 30 seconds]
[16:44:04] [Client thread/INFO]: [CHAT] Given Instant Health (ID 6) * 0 to Clackman7 for 30 seconds
[16:44:06] [Server thread/INFO]: [Clackman7: Given Strength (ID 5) * 0 to Clackman7 for 30 seconds]
[16:44:06] [Client thread/INFO]: [CHAT] Given Strength (ID 5) * 0 to Clackman7 for 30 seconds
[16:44:17] [Server thread/INFO]: [Clackman7: Given Strength (ID 5) * 255 to Clackman7 for 255 seconds]
[16:44:17] [Client thread/INFO]: [CHAT] Given Strength (ID 5) * 255 to Clackman7 for 255 seconds
[16:44:32] [Server thread/INFO]: [Clackman7: Given [Soul Glass Sword] * 1 to Clackman7]
[16:44:32] [Client thread/INFO]: [CHAT] Given [Soul Glass Sword] * 1 to Clackman7
[16:44:43] [Client thread/INFO]: [CHAT] The number you have entered (10000000) is too big, it must be at most 255
[16:44:54] [Server thread/INFO]: [Clackman7: Given Strength (ID 5) * 255 to Clackman7 for 1000 seconds]
[16:44:54] [Client thread/INFO]: [CHAT] Given Strength (ID 5) * 255 to Clackman7 for 1000 seconds
[16:45:21] [Client thread/INFO]: [CHAT] MinecartChest, EyeOfEnderSignal, ItemFrame, MinecartCommandBlock, Item, EntityHorse, Fireball, EnderDragon, MinecartTNT, Villager, ThrownPotion, SnowMan, LeashKnot, Arrow, MushroomCow, LavaSlime, Zombie, MinecartSpawner, EnderCrystal, Snowball, Enderman, CaveSpider, MinecartHopper, XPOrb, ThrownExpBottle, FireworksRocketEntity, Chicken, FallingSand, Giant, VillagerGolem, PrimedTnt, Creeper, ThrownEnderpearl, Silverfish, Squid, Monster, Skeleton, SmallFireball, MinecartRideable, Wolf, Witch, Mob, Ozelot, Cow, Slime, Painting, Pig, MinecartFurnace, Bat, Blaze, WitherBoss, PigZombie, Spider, Ghast, Sheep, WitherSkull, Boat
[16:45:25] [Server thread/INFO]: Saving and pausing game...
[16:45:25] [Server thread/INFO]: Saving chunks for level 'New World'/Overworld
[16:45:25] [Server thread/INFO]: Saving chunks for level 'New World'/Nether
[16:45:25] [Server thread/INFO]: Saving chunks for level 'New World'/The End
[16:45:39] [Client thread/INFO]: [CHAT] Witch, WitherBoss, WitherSkull
[16:45:40] [Client thread/INFO]: [CHAT] Witch, WitherBoss, WitherSkull
[16:45:40] [Client thread/INFO]: [CHAT] Witch, WitherBoss, WitherSkull
[16:45:44] [Server thread/INFO]: [Clackman7: Object successfully summoned]
[16:45:44] [Client thread/INFO]: [CHAT] Object successfully summoned
[16:46:29] [Server thread/INFO]: [Clackman7: Object successfully summoned]
[16:46:29] [Client thread/INFO]: [CHAT] Object successfully summoned
[16:46:46] [Server thread/INFO]: [Clackman7: Object successfully summoned]
[16:46:46] [Client thread/INFO]: [CHAT] Object successfully summoned
[16:47:05] [Client thread/INFO]: [CHAT] Fireball, FireworksRocketEntity
[16:47:15] [Server thread/INFO]: [Clackman7: Data tag parsing failed: Unable to locate name/value separator for string: 5 100]
[16:47:15] [Client thread/INFO]: [CHAT] Data tag parsing failed: Unable to locate name/value separator for string: 5 100
[16:47:20] [Server thread/INFO]: [Clackman7: Data tag parsing failed: Unable to locate name/value separator for string: 5]
[16:47:20] [Client thread/INFO]: [CHAT] Data tag parsing failed: Unable to locate name/value separator for string: 5
[16:47:24] [Server thread/WARN]: Fetching addPacket for removed entity
[16:47:24] [Server thread/INFO]: [Clackman7: Object successfully summoned]
[16:47:24] [Client thread/INFO]: [CHAT] Object successfully summoned
[16:47:32] [Server thread/WARN]: Fetching addPacket for removed entity
[16:47:32] [Server thread/INFO]: [Clackman7: Object successfully summoned]
[16:47:32] [Client thread/INFO]: [CHAT] Object successfully summoned
[16:47:38] [Server thread/WARN]: Fetching addPacket for removed entity
[16:47:38] [Server thread/INFO]: [Clackman7: Object successfully summoned]
[16:47:38] [Client thread/INFO]: [CHAT] Object successfully summoned
[16:47:41] [Server thread/WARN]: Fetching addPacket for removed entity
[16:47:41] [Server thread/INFO]: [Clackman7: Object successfully summoned]
[16:47:41] [Client thread/INFO]: [CHAT] Object successfully summoned
[16:47:50] [Server thread/WARN]: Fetching addPacket for removed entity
[16:47:50] [Server thread/INFO]: [Clackman7: Object successfully summoned]
[16:47:50] [Client thread/INFO]: [CHAT] Object successfully summoned
[16:47:53] [Server thread/WARN]: Fetching addPacket for removed entity
[16:47:53] [Server thread/INFO]: [Clackman7: Object successfully summoned]
[16:47:53] [Client thread/INFO]: [CHAT] Object successfully summoned
[16:47:55] [Server thread/WARN]: Fetching addPacket for removed entity
[16:47:55] [Server thread/INFO]: [Clackman7: Object successfully summoned]
[16:47:55] [Client thread/INFO]: [CHAT] Object successfully summoned
[16:48:01] [Client thread/INFO]: [CHAT] Unknown command. Try /help for a list of commands
[16:48:04] [Server thread/WARN]: Fetching addPacket for removed entity
[16:48:04] [Server thread/INFO]: [Clackman7: Object successfully summoned]
[16:48:04] [Client thread/INFO]: [CHAT] Object successfully summoned
[16:48:11] [Client thread/INFO]: [CHAT] --- Showing help page 1 of 5 (/help <page>) ---
[16:48:11] [Client thread/INFO]: [CHAT] /achievement give <stat_name> [player]
[16:48:11] [Client thread/INFO]: [CHAT] /clear <player> [item] [data]
[16:48:11] [Client thread/INFO]: [CHAT] /debug <start|stop>
[16:48:11] [Client thread/INFO]: [CHAT] /defaultgamemode <mode>
[16:48:11] [Client thread/INFO]: [CHAT] /difficulty <new difficulty>
[16:48:11] [Client thread/INFO]: [CHAT] commands.damageindicatorsmod.direload
[16:48:11] [Client thread/INFO]: [CHAT] /effect <player> <effect> [seconds] [amplifier]
[16:48:11] [Client thread/INFO]: [CHAT] Tip: Use the <tab> key while typing a command to auto-complete the command or its arguments
[16:48:32] [Server thread/INFO]: [Clackman7: Cannot summon the object out of the world]
[16:48:32] [Client thread/INFO]: [CHAT] Cannot summon the object out of the world
[16:48:43] [Server thread/INFO]: [Clackman7: Data tag parsing failed: Unable to locate name/value separator for string: 5]
[16:48:43] [Client thread/INFO]: [CHAT] Data tag parsing failed: Unable to locate name/value separator for string: 5
[16:51:09] [Server thread/INFO]: [Clackman7: Object successfully summoned]
[16:51:10] [Client thread/INFO]: [CHAT] Object successfully summoned
[16:51:15] [Server thread/INFO]: Clackman7 blew up
[16:51:15] [Client thread/INFO]: [CHAT] Clackman7 blew up
[16:51:25] [Client thread/WARN]: Unable to play unknown soundEvent: minecraft:mob.attack
[16:51:26] [Server thread/INFO]: [Clackman7: Set own game mode to Creative Mode]
[16:51:27] [Client thread/INFO]: [CHAT] Your game mode has been updated
[16:51:29] [Server thread/INFO]: [Clackman7: Set own game mode to Creative Mode]
[16:51:30] [Client thread/INFO]: [CHAT] Your game mode has been updated
[16:51:32] [Server thread/INFO]: [Clackman7: Object successfully summoned]
[16:51:32] [Client thread/INFO]: [CHAT] Object successfully summoned
[16:51:48] [Server thread/INFO]: [Clackman7: Object successfully summoned]
[16:51:48] [Client thread/INFO]: [CHAT] Object successfully summoned
[16:51:58] [Server thread/WARN]: Can't keep up! Did the system time change, or is the server overloaded? Running 8190ms behind, skipping 163 tick(s)
[16:52:08] [Server thread/WARN]: Can't keep up! Did the system time change, or is the server overloaded? Running 2737ms behind, skipping 54 tick(s)
[16:52:42] [Server thread/INFO]: [Clackman7: Object successfully summoned]
[16:52:42] [Client thread/INFO]: [CHAT] Object successfully summoned
[16:53:02] [Server thread/INFO]: [Clackman7: Object successfully summoned]
[16:53:02] [Client thread/INFO]: [CHAT] Object successfully summoned
[16:53:02] [Server thread/INFO]: [Clackman7: Object successfully summoned]
[16:53:02] [Client thread/INFO]: [CHAT] Object successfully summoned
[16:53:03] [Server thread/INFO]: [Clackman7: Object successfully summoned]
[16:53:03] [Client thread/INFO]: [CHAT] Object successfully summoned
[16:53:04] [Server thread/INFO]: [Clackman7: Object successfully summoned]
[16:53:04] [Client thread/INFO]: [CHAT] Object successfully summoned
[16:53:17] [Server thread/WARN]: Can't keep up! Did the system time change, or is the server overloaded? Running 6461ms behind, skipping 129 tick(s)
[16:53:51] [Server thread/WARN]: Fetching addPacket for removed entity
[16:53:51] [Server thread/WARN]: Fetching addPacket for removed entity
[16:53:51] [Server thread/WARN]: Fetching addPacket for removed entity
[16:53:51] [Server thread/WARN]: Fetching addPacket for removed entity
[16:53:51] [Server thread/WARN]: Fetching addPacket for removed entity
[16:53:51] [Server thread/WARN]: Fetching addPacket for removed entity
[16:53:51] [Server thread/WARN]: Fetching addPacket for removed entity
[16:53:51] [Server thread/WARN]: Fetching addPacket for removed entity
[16:53:51] [Server thread/WARN]: Fetching addPacket for removed entity
[16:53:51] [Server thread/WARN]: Fetching addPacket for removed entity
[16:53:51] [Server thread/INFO]: Clackman7 lost connection: TextComponent{text='Disconnected', siblings=[], style=Style{hasParent=false, color=null, bold=null, italic=null, underlined=null, obfuscated=null, clickEvent=null, hoverEvent=null}}
[16:53:51] [Server thread/INFO]: Clackman7 left the game
[16:53:51] [Server thread/INFO]: Stopping singleplayer server as player logged out
[16:53:51] [Server thread/INFO]: Saving and pausing game...
[16:53:51] [Server thread/INFO]: Saving chunks for level 'New World'/Overworld
[16:53:51] [Server thread/INFO]: Saving chunks for level 'New World'/Nether
[16:53:52] [Server thread/INFO]: Saving chunks for level 'New World'/The End
[16:53:52] [Server thread/INFO]: Stopping server
[16:53:52] [Server thread/INFO]: Saving players
[16:53:52] [Server thread/INFO]: Saving worlds
[16:53:52] [Server thread/INFO]: Saving chunks for level 'New World'/Overworld
[16:53:52] [Server thread/INFO]: Saving chunks for level 'New World'/Nether
[16:53:52] [Server thread/INFO]: Saving chunks for level 'New World'/The End
[16:53:55] [Client thread/INFO]: Stopping!
