#
# A fatal error has been detected by the Java Runtime Environment:
#
#  EXCEPTION_ACCESS_VIOLATION (0xc0000005) at pc=0x000000001f771066, pid=7300, tid=6640
#
# JRE version: Java(TM) SE Runtime Environment (8.0_25-b18) (build 1.8.0_25-b18)
# Java VM: Java HotSpot(TM) 64-Bit Server VM (25.25-b02 mixed mode windows-amd64 compressed oops)
# Problematic frame:
# C  [OpenAL64.dll+0x11066]
#
# Failed to write core dump. Minidumps are not enabled by default on client versions of Windows
#
# If you would like to submit a bug report, please visit:
#   http://bugreport.sun.com/bugreport/crash.jsp
# The crash happened outside the Java Virtual Machine in native code.
# See problematic frame for where to report the bug.
#

---------------  T H R E A D  ---------------

Current thread (0x00000000232f5800):  JavaThread "Thread-7" [_thread_in_native, id=6640, stack(0x0000000027980000,0x0000000027a80000)]

siginfo: ExceptionCode=0xc0000005, reading address 0x0000000018a5f004

Registers:
RAX=0x0000000000000004, RBX=0x0000000027800090, RCX=0x0000000018a5f008, RDX=0x0000000018a5f004
RSP=0x0000000027a7e980, RBP=0x00000000000000ff, RSI=0x0000000018a5e6dc, RDI=0x0000000000000000
R8 =0x000000000000024a, R9 =0x0000000018a5e6dc, R10=0x0000000002fd5508, R11=0x0000000067192810
R12=0x0000000000000001, R13=0x0000000021bfb650, R14=0x0000000027a7eb18, R15=0x00000000232f5800
RIP=0x000000001f771066, EFLAGS=0x0000000000010202

Top of Stack: (sp=0x0000000027a7e980)
0x0000000027a7e980:   0000000000000000 000000006703ed1b
0x0000000027a7e990:   00000000232f5800 00000000232f5800
0x0000000027a7e9a0:   0000000021bfb650 0000000000000000
0x0000000027a7e9b0:   00000000232f5800 000000001bae0800
0x0000000027a7e9c0:   0000000021bfb650 0000000027a7eb18
0x0000000027a7e9d0:   000000001b82e190 000000006702ced6
0x0000000027a7e9e0:   0000000027a7f188 0000000016cb6990
0x0000000027a7e9f0:   00000000232f5800 0000000027a7eb18
0x0000000027a7ea00:   0000000021bfb650 0000000000000000
0x0000000027a7ea10:   0000000018a5e6dc 00000000d4cd0c60
0x0000000027a7ea20:   0000000027a7eae0 000000001f77248f
0x0000000027a7ea30:   0000000027800090 0000000027800090
0x0000000027a7ea40:   000000000000ac44 0000000000000004
0x0000000027a7ea50:   0000000000000010 0000000002fd5534
0x0000000027a7ea60:   0000000021bfb650 0000000002fd529d
0x0000000027a7ea70:   00000000232f5800 0000000021bfb650 

Instructions: (pc=0x000000001f771066)
0x000000001f771046:   41 2b ec 81 3a 03 00 02 00 75 09 8b 01 89 84 24
0x000000001f771056:   c8 00 00 00 49 83 c0 02 48 83 c1 08 4a 8d 14 86
0x000000001f771066:   39 3a 75 af 4c 8d 84 24 c0 00 00 00 48 8d 15 d7
0x000000001f771076:   2b 03 00 33 c9 e8 58 5f 00 00 b8 40 1f 00 00 4c 


Register to memory mapping:

RAX=0x0000000000000004 is an unknown value
RBX=0x0000000027800090 is an unknown value
RCX=0x0000000018a5f008 is an unknown value
RDX=0x0000000018a5f004 is an unknown value
RSP=0x0000000027a7e980 is pointing into the stack for thread: 0x00000000232f5800
RBP=0x00000000000000ff is an unknown value
RSI=0x0000000018a5e6dc is an unknown value
RDI=0x0000000000000000 is an unknown value
R8 =0x000000000000024a is an unknown value
R9 =0x0000000018a5e6dc is an unknown value
R10=0x0000000002fd5508 is at code_begin+840 in an Interpreter codelet
method entry point (kind = native)  [0x0000000002fd51c0, 0x0000000002fd5b20]  2400 bytes
R11=0x0000000067192810 is an unknown value
R12=0x0000000000000001 is an unknown value
R13={method} {0x0000000021bfb658} 'nalcCreateContext' '(JJ)J' in 'org/lwjgl/openal/ALC10'
R14=0x0000000027a7eb18 is pointing into the stack for thread: 0x00000000232f5800
R15=0x00000000232f5800 is a thread


Stack: [0x0000000027980000,0x0000000027a80000],  sp=0x0000000027a7e980,  free space=1018k
Native frames: (J=compiled Java code, j=interpreted, Vv=VM code, C=native code)
C  [OpenAL64.dll+0x11066]
C  [OpenAL64.dll+0x1248f]
C  0x0000000002fd5534

Java frames: (J=compiled Java code, j=interpreted, Vv=VM code)
j  org.lwjgl.openal.ALC10.nalcCreateContext(JJ)J+0
j  org.lwjgl.openal.ALC10.alcCreateContext(Lorg/lwjgl/openal/ALCdevice;Ljava/nio/IntBuffer;)Lorg/lwjgl/openal/ALCcontext;+8
j  org.lwjgl.openal.AL.init(Ljava/lang/String;IIZZ)V+69
j  org.lwjgl.openal.AL.create(Ljava/lang/String;IIZZ)V+227
j  org.lwjgl.openal.AL.create(Ljava/lang/String;IIZ)V+5
j  org.lwjgl.openal.AL.create()V+6
j  paulscode.sound.libraries.LibraryLWJGLOpenAL.init()V+2
j  paulscode.sound.SoundSystem.CommandNewLibrary(Ljava/lang/Class;)V+273
j  paulscode.sound.SoundSystem.CommandQueue(Lpaulscode/sound/CommandObject;)Z+1206
j  paulscode.sound.CommandThread.run()V+51
v  ~StubRoutines::call_stub

---------------  P R O C E S S  ---------------

Java Threads: ( => current thread )
  0x00000000232f7000 JavaThread "Thread-8" [_thread_blocked, id=7824, stack(0x0000000021c60000,0x0000000021d60000)]
=>0x00000000232f5800 JavaThread "Thread-7" [_thread_in_native, id=6640, stack(0x0000000027980000,0x0000000027a80000)]
  0x00000000232f6800 JavaThread "Sound Library Loader" [_thread_blocked, id=4576, stack(0x0000000023e10000,0x0000000023f10000)]
  0x00000000232f5000 JavaThread "Thread-6" [_thread_in_native, id=9196, stack(0x0000000021850000,0x0000000021950000)]
  0x000000001b7b6800 JavaThread "Java2D Disposer" daemon [_thread_blocked, id=8808, stack(0x000000001af20000,0x000000001b020000)]
  0x00000000189d6800 JavaThread "Timer hack thread" daemon [_thread_blocked, id=7580, stack(0x00000000192e0000,0x00000000193e0000)]
  0x000000001ac3c000 JavaThread "Snooper Timer" daemon [_thread_blocked, id=8096, stack(0x00000000191d0000,0x00000000192d0000)]
  0x00000000178c8800 JavaThread "Monitor Ctrl-Break" daemon [_thread_in_native, id=8244, stack(0x00000000180a0000,0x00000000181a0000)]
  0x0000000016d12800 JavaThread "Service Thread" daemon [_thread_blocked, id=1064, stack(0x0000000017650000,0x0000000017750000)]
  0x0000000016c91000 JavaThread "C1 CompilerThread2" daemon [_thread_blocked, id=6460, stack(0x0000000017550000,0x0000000017650000)]
  0x0000000016c86800 JavaThread "C2 CompilerThread1" daemon [_thread_blocked, id=4192, stack(0x0000000017450000,0x0000000017550000)]
  0x0000000016c85000 JavaThread "C2 CompilerThread0" daemon [_thread_blocked, id=8144, stack(0x0000000017350000,0x0000000017450000)]
  0x0000000016c83800 JavaThread "Attach Listener" daemon [_thread_blocked, id=6708, stack(0x0000000017250000,0x0000000017350000)]
  0x0000000016c80800 JavaThread "Signal Dispatcher" daemon [_thread_blocked, id=8112, stack(0x0000000017150000,0x0000000017250000)]
  0x0000000016c7f800 JavaThread "Surrogate Locker Thread (Concurrent GC)" daemon [_thread_blocked, id=8696, stack(0x0000000017050000,0x0000000017150000)]
  0x0000000016141000 JavaThread "Finalizer" daemon [_thread_blocked, id=2252, stack(0x0000000016b50000,0x0000000016c50000)]
  0x0000000016139800 JavaThread "Reference Handler" daemon [_thread_blocked, id=6768, stack(0x0000000016a50000,0x0000000016b50000)]
  0x0000000002ec6800 JavaThread "Client thread" [_thread_in_native, id=7444, stack(0x0000000002dc0000,0x0000000002ec0000)]

Other Threads:
  0x0000000016131800 VMThread [stack: 0x0000000016950000,0x0000000016a50000] [id=4420]
  0x0000000016d18000 WatcherThread [stack: 0x0000000017750000,0x0000000017850000] [id=3420]

VM state:not at safepoint (normal execution)

VM Mutex/Monitor currently owned by a thread: None

Heap:
 par new generation   total 306688K, used 60479K [0x00000000c0000000, 0x00000000d4cc0000, 0x00000000d4cc0000)
  eden space 272640K,   9% used [0x00000000c0000000, 0x00000000c19cfed8, 0x00000000d0a40000)
  from space 34048K, 100% used [0x00000000d0a40000, 0x00000000d2b80000, 0x00000000d2b80000)
  to   space 34048K,   0% used [0x00000000d2b80000, 0x00000000d2b80000, 0x00000000d4cc0000)
 concurrent mark-sweep generation total 707840K, used 65208K [0x00000000d4cc0000, 0x0000000100000000, 0x0000000100000000)
 Metaspace       used 28554K, capacity 28821K, committed 29004K, reserved 1075200K
  class space    used 3532K, capacity 3617K, committed 3660K, reserved 1048576K

Card table byte_map: [0x0000000012780000,0x0000000012990000] byte_map_base: 0x0000000012180000

Marking Bits: (CMSBitMap*) 0x0000000002f21208
 Bits: [0x0000000012f30000, 0x00000000139fd000)

Mod Union Table: (CMSBitMap*) 0x0000000002f212c8
 Bits: [0x0000000002960000, 0x000000000298b340)

Polling page: 0x0000000002930000

CodeCache: size=245760Kb used=10782Kb max_used=11376Kb free=234977Kb
 bounds [0x0000000002fc0000, 0x0000000003b20000, 0x0000000011fc0000]
 total_blobs=3528 nmethods=2890 adapters=552
 compilation: enabled

Compilation events (10 events):
Event: 25.672 Thread 0x0000000016c91000 3598       3       java.util.PropertyPermission::init (54 bytes)
Event: 25.672 Thread 0x0000000016c91000 nmethod 3598 0x00000000036b7190 code [0x00000000036b7320, 0x00000000036b77a8]
Event: 25.673 Thread 0x0000000016c85000 nmethod 3593 0x00000000030dfed0 code [0x00000000030e0020, 0x00000000030e0298]
Event: 25.673 Thread 0x0000000016c85000 3588       4       java.util.ArrayList::grow (45 bytes)
Event: 25.674 Thread 0x0000000016c86800 nmethod 3580 0x0000000003a26b90 code [0x0000000003a26d40, 0x0000000003a27b88]
Event: 25.677 Thread 0x0000000016c85000 nmethod 3588 0x000000000311b490 code [0x000000000311b5e0, 0x000000000311b828]
Event: 25.681 Thread 0x0000000016c91000 3599       3       sun.security.provider.SHA2::<init> (34 bytes)
Event: 25.681 Thread 0x0000000016c91000 nmethod 3599 0x0000000003130150 code [0x00000000031302e0, 0x00000000031308e8]
Event: 25.681 Thread 0x0000000016c91000 3600       3       sun.security.provider.SHA2::implReset (19 bytes)
Event: 25.681 Thread 0x0000000016c91000 nmethod 3600 0x00000000036a6550 code [0x00000000036a66c0, 0x00000000036a68c8]

GC Heap History (10 events):
Event: 1.709 GC heap before
{Heap before GC invocations=0 (full 0):
 par new generation   total 306688K, used 60003K [0x00000000c0000000, 0x00000000d4cc0000, 0x00000000d4cc0000)
  eden space 272640K,  22% used [0x00000000c0000000, 0x00000000c3a98d10, 0x00000000d0a40000)
  from space 34048K,   0% used [0x00000000d0a40000, 0x00000000d0a40000, 0x00000000d2b80000)
  to   space 34048K,   0% used [0x00000000d2b80000, 0x00000000d2b80000, 0x00000000d4cc0000)
 concurrent mark-sweep generation total 707840K, used 0K [0x00000000d4cc0000, 0x0000000100000000, 0x0000000100000000)
 Metaspace       used 10235K, capacity 10324K, committed 10496K, reserved 1058816K
  class space    used 1215K, capacity 1237K, committed 1280K, reserved 1048576K
Event: 1.760 GC heap after
Heap after GC invocations=1 (full 1):
 par new generation   total 306688K, used 0K [0x00000000c0000000, 0x00000000d4cc0000, 0x00000000d4cc0000)
  eden space 272640K,   0% used [0x00000000c0000000, 0x00000000c0000000, 0x00000000d0a40000)
  from space 34048K,   0% used [0x00000000d0a40000, 0x00000000d0a40000, 0x00000000d2b80000)
  to   space 34048K,   0% used [0x00000000d2b80000, 0x00000000d2b80000, 0x00000000d4cc0000)
 concurrent mark-sweep generation total 707840K, used 5365K [0x00000000d4cc0000, 0x0000000100000000, 0x0000000100000000)
 Metaspace       used 10235K, capacity 10324K, committed 10496K, reserved 1058816K
  class space    used 1215K, capacity 1237K, committed 1280K, reserved 1048576K
}
Event: 10.324 GC heap before
{Heap before GC invocations=1 (full 2):
 par new generation   total 306688K, used 272640K [0x00000000c0000000, 0x00000000d4cc0000, 0x00000000d4cc0000)
  eden space 272640K, 100% used [0x00000000c0000000, 0x00000000d0a40000, 0x00000000d0a40000)
  from space 34048K,   0% used [0x00000000d0a40000, 0x00000000d0a40000, 0x00000000d2b80000)
  to   space 34048K,   0% used [0x00000000d2b80000, 0x00000000d2b80000, 0x00000000d4cc0000)
 concurrent mark-sweep generation total 707840K, used 5365K [0x00000000d4cc0000, 0x0000000100000000, 0x0000000100000000)
 Metaspace       used 17841K, capacity 17950K, committed 18176K, reserved 1064960K
  class space    used 2207K, capacity 2240K, committed 2304K, reserved 1048576K
Event: 10.357 GC heap after
Heap after GC invocations=2 (full 2):
 par new generation   total 306688K, used 24677K [0x00000000c0000000, 0x00000000d4cc0000, 0x00000000d4cc0000)
  eden space 272640K,   0% used [0x00000000c0000000, 0x00000000c0000000, 0x00000000d0a40000)
  from space 34048K,  72% used [0x00000000d2b80000, 0x00000000d4399618, 0x00000000d4cc0000)
  to   space 34048K,   0% used [0x00000000d0a40000, 0x00000000d0a40000, 0x00000000d2b80000)
 concurrent mark-sweep generation total 707840K, used 5365K [0x00000000d4cc0000, 0x0000000100000000, 0x0000000100000000)
 Metaspace       used 17841K, capacity 17950K, committed 18176K, reserved 1064960K
  class space    used 2207K, capacity 2240K, committed 2304K, reserved 1048576K
}
Event: 16.027 GC heap before
{Heap before GC invocations=2 (full 2):
 par new generation   total 306688K, used 297317K [0x00000000c0000000, 0x00000000d4cc0000, 0x00000000d4cc0000)
  eden space 272640K, 100% used [0x00000000c0000000, 0x00000000d0a40000, 0x00000000d0a40000)
  from space 34048K,  72% used [0x00000000d2b80000, 0x00000000d4399618, 0x00000000d4cc0000)
  to   space 34048K,   0% used [0x00000000d0a40000, 0x00000000d0a40000, 0x00000000d2b80000)
 concurrent mark-sweep generation total 707840K, used 2518K [0x00000000d4cc0000, 0x0000000100000000, 0x0000000100000000)
 Metaspace       used 24674K, capacity 24817K, committed 25164K, reserved 1071104K
  class space    used 3035K, capacity 3080K, committed 3148K, reserved 1048576K
Event: 16.137 GC heap after
Heap after GC invocations=3 (full 2):
 par new generation   total 306688K, used 24878K [0x00000000c0000000, 0x00000000d4cc0000, 0x00000000d4cc0000)
  eden space 272640K,   0% used [0x00000000c0000000, 0x00000000c0000000, 0x00000000d0a40000)
  from space 34048K,  73% used [0x00000000d0a40000, 0x00000000d228b808, 0x00000000d2b80000)
  to   space 34048K,   0% used [0x00000000d2b80000, 0x00000000d2b80000, 0x00000000d4cc0000)
 concurrent mark-sweep generation total 707840K, used 23270K [0x00000000d4cc0000, 0x0000000100000000, 0x0000000100000000)
 Metaspace       used 24674K, capacity 24817K, committed 25164K, reserved 1071104K
  class space    used 3035K, capacity 3080K, committed 3148K, reserved 1048576K
}
Event: 21.413 GC heap before
{Heap before GC invocations=3 (full 3):
 par new generation   total 306688K, used 297518K [0x00000000c0000000, 0x00000000d4cc0000, 0x00000000d4cc0000)
  eden space 272640K, 100% used [0x00000000c0000000, 0x00000000d0a40000, 0x00000000d0a40000)
  from space 34048K,  73% used [0x00000000d0a40000, 0x00000000d228b808, 0x00000000d2b80000)
  to   space 34048K,   0% used [0x00000000d2b80000, 0x00000000d2b80000, 0x00000000d4cc0000)
 concurrent mark-sweep generation total 707840K, used 23270K [0x00000000d4cc0000, 0x0000000100000000, 0x0000000100000000)
 Metaspace       used 24776K, capacity 24881K, committed 25164K, reserved 1071104K
  class space    used 3038K, capacity 3080K, committed 3148K, reserved 1048576K
Event: 21.484 GC heap after
Heap after GC invocations=4 (full 3):
 par new generation   total 306688K, used 34048K [0x00000000c0000000, 0x00000000d4cc0000, 0x00000000d4cc0000)
  eden space 272640K,   0% used [0x00000000c0000000, 0x00000000c0000000, 0x00000000d0a40000)
  from space 34048K, 100% used [0x00000000d2b80000, 0x00000000d4cc0000, 0x00000000d4cc0000)
  to   space 34048K,   0% used [0x00000000d0a40000, 0x00000000d0a40000, 0x00000000d2b80000)
 concurrent mark-sweep generation total 707840K, used 45448K [0x00000000d4cc0000, 0x0000000100000000, 0x0000000100000000)
 Metaspace       used 24776K, capacity 24881K, committed 25164K, reserved 1071104K
  class space    used 3038K, capacity 3080K, committed 3148K, reserved 1048576K
}
Event: 25.215 GC heap before
{Heap before GC invocations=4 (full 3):
 par new generation   total 306688K, used 306688K [0x00000000c0000000, 0x00000000d4cc0000, 0x00000000d4cc0000)
  eden space 272640K, 100% used [0x00000000c0000000, 0x00000000d0a40000, 0x00000000d0a40000)
  from space 34048K, 100% used [0x00000000d2b80000, 0x00000000d4cc0000, 0x00000000d4cc0000)
  to   space 34048K,   0% used [0x00000000d0a40000, 0x00000000d0a40000, 0x00000000d2b80000)
 concurrent mark-sweep generation total 707840K, used 45448K [0x00000000d4cc0000, 0x0000000100000000, 0x0000000100000000)
 Metaspace       used 27639K, capacity 27885K, committed 28108K, reserved 1073152K
  class space    used 3435K, capacity 3518K, committed 3532K, reserved 1048576K
Event: 25.302 GC heap after
Heap after GC invocations=5 (full 3):
 par new generation   total 306688K, used 34048K [0x00000000c0000000, 0x00000000d4cc0000, 0x00000000d4cc0000)
  eden space 272640K,   0% used [0x00000000c0000000, 0x00000000c0000000, 0x00000000d0a40000)
  from space 34048K, 100% used [0x00000000d0a40000, 0x00000000d2b80000, 0x00000000d2b80000)
  to   space 34048K,   0% used [0x00000000d2b80000, 0x00000000d2b80000, 0x00000000d4cc0000)
 concurrent mark-sweep generation total 707840K, used 65208K [0x00000000d4cc0000, 0x0000000100000000, 0x0000000100000000)
 Metaspace       used 27639K, capacity 27885K, committed 28108K, reserved 1073152K
  class space    used 3435K, capacity 3518K, committed 3532K, reserved 1048576K
}

Deoptimization events (10 events):
Event: 24.973 Thread 0x00000000232f5000 Uncommon trap: reason=bimorphic action=maybe_recompile pc=0x00000000033639c0 method=java.util.HashMap.putVal(ILjava/lang/Object;Ljava/lang/Object;ZZ)Ljava/lang/Object; @ 203
Event: 24.974 Thread 0x00000000232f5000 Uncommon trap: reason=bimorphic action=maybe_recompile pc=0x00000000033639c0 method=java.util.HashMap.putVal(ILjava/lang/Object;Ljava/lang/Object;ZZ)Ljava/lang/Object; @ 203
Event: 24.974 Thread 0x00000000232f5000 Uncommon trap: reason=bimorphic action=maybe_recompile pc=0x00000000033639c0 method=java.util.HashMap.putVal(ILjava/lang/Object;Ljava/lang/Object;ZZ)Ljava/lang/Object; @ 203
Event: 24.977 Thread 0x00000000232f5000 Uncommon trap: reason=bimorphic action=maybe_recompile pc=0x00000000033639c0 method=java.util.HashMap.putVal(ILjava/lang/Object;Ljava/lang/Object;ZZ)Ljava/lang/Object; @ 203
Event: 25.067 Thread 0x0000000002ec6800 Uncommon trap: reason=class_check action=maybe_recompile pc=0x00000000038ec5d8 method=com.google.common.collect.AbstractMapBasedMultimap$WrappedCollection$WrappedIterator.next()Ljava/lang/Object; @ 8
Event: 25.090 Thread 0x00000000232f5000 Uncommon trap: reason=class_check action=maybe_recompile pc=0x00000000032497ec method=java.io.DataInputStream.readFully([BII)V @ 34
Event: 25.090 Thread 0x00000000232f5000 Uncommon trap: reason=class_check action=maybe_recompile pc=0x00000000032497ec method=java.io.DataInputStream.readFully([BII)V @ 34
Event: 25.091 Thread 0x00000000232f5000 Uncommon trap: reason=class_check action=maybe_recompile pc=0x00000000032497ec method=java.io.DataInputStream.readFully([BII)V @ 34
Event: 25.091 Thread 0x00000000232f5000 Uncommon trap: reason=class_check action=maybe_recompile pc=0x00000000032497ec method=java.io.DataInputStream.readFully([BII)V @ 34
Event: 25.459 Thread 0x00000000232f5000 Uncommon trap: reason=predicate action=maybe_recompile pc=0x00000000033a8098 method=sun.security.provider.DigestBase.engineUpdate([BII)V @ 144

Internal exceptions (10 events):
Event: 25.677 Thread 0x00000000232f5800 Exception <a 'org/lwjgl/LWJGLException'> (0x00000000c13a84a8) thrown at [D:\re\workspace\8-2-build-windows-amd64-cygwin\jdk8u25\1677\hotspot\src\share\vm\prims\jni.cpp, line 716]
Event: 25.677 Thread 0x00000000232f5800 Exception <a 'org/lwjgl/LWJGLException'> (0x00000000c13a89e0) thrown at [D:\re\workspace\8-2-build-windows-amd64-cygwin\jdk8u25\1677\hotspot\src\share\vm\prims\jni.cpp, line 716]
Event: 25.678 Thread 0x00000000232f5800 Exception <a 'org/lwjgl/LWJGLException'> (0x00000000c13a8e58) thrown at [D:\re\workspace\8-2-build-windows-amd64-cygwin\jdk8u25\1677\hotspot\src\share\vm\prims\jni.cpp, line 716]
Event: 25.680 Thread 0x00000000232f5800 Exception <a 'org/lwjgl/LWJGLException'> (0x00000000c13a9368) thrown at [D:\re\workspace\8-2-build-windows-amd64-cygwin\jdk8u25\1677\hotspot\src\share\vm\prims\jni.cpp, line 716]
Event: 25.685 Thread 0x00000000232f5800 Exception <a 'java/security/PrivilegedActionException'> (0x00000000c13aa650) thrown at [D:\re\workspace\8-2-build-windows-amd64-cygwin\jdk8u25\1677\hotspot\src\share\vm\prims\jvm.cpp, line 1312]
Event: 25.689 Thread 0x00000000232f5800 Exception <a 'java/security/PrivilegedActionException'> (0x00000000c13b9218) thrown at [D:\re\workspace\8-2-build-windows-amd64-cygwin\jdk8u25\1677\hotspot\src\share\vm\prims\jvm.cpp, line 1312]
Event: 25.709 Thread 0x00000000232f5800 Exception <a 'java/security/PrivilegedActionException'> (0x00000000c13c3a48) thrown at [D:\re\workspace\8-2-build-windows-amd64-cygwin\jdk8u25\1677\hotspot\src\share\vm\prims\jvm.cpp, line 1312]
Event: 25.711 Thread 0x00000000232f5800 Exception <a 'java/security/PrivilegedActionException'> (0x00000000c13cb7b8) thrown at [D:\re\workspace\8-2-build-windows-amd64-cygwin\jdk8u25\1677\hotspot\src\share\vm\prims\jvm.cpp, line 1312]
Event: 25.713 Thread 0x00000000232f5800 Exception <a 'java/security/PrivilegedActionException'> (0x00000000c13d3468) thrown at [D:\re\workspace\8-2-build-windows-amd64-cygwin\jdk8u25\1677\hotspot\src\share\vm\prims\jvm.cpp, line 1312]
Event: 25.714 Thread 0x00000000232f5800 Exception <a 'java/security/PrivilegedActionException'> (0x00000000c13dab58) thrown at [D:\re\workspace\8-2-build-windows-amd64-cygwin\jdk8u25\1677\hotspot\src\share\vm\prims\jvm.cpp, line 1312]

Events (10 events):
Event: 25.705 Thread 0x0000000002ec6800 DEOPT PACKING pc=0x00000000033f99d3 sp=0x0000000002ebcd10
Event: 25.705 Thread 0x0000000002ec6800 DEOPT UNPACKING pc=0x00000000030071bf sp=0x0000000002ebca20 mode 0
Event: 25.709 loading class org/lwjgl/openal/ALCdevice
Event: 25.709 loading class org/lwjgl/openal/ALCdevice done
Event: 25.711 loading class org/lwjgl/openal/ALCcontext
Event: 25.711 loading class org/lwjgl/openal/ALCcontext done
Event: 25.713 loading class org/lwjgl/openal/Util
Event: 25.713 loading class org/lwjgl/openal/Util done
Event: 25.714 loading class org/lwjgl/openal/OpenALException
Event: 25.714 loading class org/lwjgl/openal/OpenALException done


Dynamic libraries:
0x00007ff602680000 - 0x00007ff6026b4000 	C:\Program Files\Java\jdk1.8.0_25\bin\java.exe
0x00007ffc1daa0000 - 0x00007ffc1dc4c000 	C:\WINDOWS\SYSTEM32\ntdll.dll
0x00007ffc1d050000 - 0x00007ffc1d18e000 	C:\WINDOWS\system32\KERNEL32.DLL
0x00007ffc1acc0000 - 0x00007ffc1add5000 	C:\WINDOWS\system32\KERNELBASE.dll
0x00007ffc19790000 - 0x00007ffc1981e000 	C:\WINDOWS\system32\apphelp.dll
0x00007ffc0b290000 - 0x00007ffc0b2e3000 	C:\WINDOWS\AppPatch\AppPatch64\AcGenral.DLL
0x00007ffc1d460000 - 0x00007ffc1d50a000 	C:\WINDOWS\system32\msvcrt.dll
0x00007ffc1aa20000 - 0x00007ffc1aa4e000 	C:\WINDOWS\SYSTEM32\SspiCli.dll
0x00007ffc1d510000 - 0x00007ffc1d564000 	C:\WINDOWS\system32\SHLWAPI.dll
0x00007ffc1b5f0000 - 0x00007ffc1b767000 	C:\WINDOWS\system32\USER32.dll
0x00007ffc1b120000 - 0x00007ffc1b2b4000 	C:\WINDOWS\system32\ole32.dll
0x00007ffc1b770000 - 0x00007ffc1cc88000 	C:\WINDOWS\system32\SHELL32.dll
0x00007ffc1a1f0000 - 0x00007ffc1a211000 	C:\WINDOWS\SYSTEM32\USERENV.dll
0x00007ffc1d190000 - 0x00007ffc1d23a000 	C:\WINDOWS\system32\ADVAPI32.dll
0x00007ffc10040000 - 0x00007ffc1005e000 	C:\WINDOWS\SYSTEM32\MPR.dll
0x00007ffc1b2c0000 - 0x00007ffc1b401000 	C:\WINDOWS\system32\RPCRT4.dll
0x00007ffc1d860000 - 0x00007ffc1d8b9000 	C:\WINDOWS\SYSTEM32\sechost.dll
0x00007ffc1ce10000 - 0x00007ffc1d021000 	C:\WINDOWS\SYSTEM32\combase.dll
0x00007ffc1d700000 - 0x00007ffc1d851000 	C:\WINDOWS\system32\GDI32.dll
0x00007ffc1abf0000 - 0x00007ffc1ac05000 	C:\WINDOWS\SYSTEM32\profapi.dll
0x00007ffc19110000 - 0x00007ffc191c2000 	C:\WINDOWS\SYSTEM32\SHCORE.dll
0x00007ffc1d420000 - 0x00007ffc1d456000 	C:\WINDOWS\system32\IMM32.DLL
0x00007ffc1b420000 - 0x00007ffc1b572000 	C:\WINDOWS\system32\MSCTF.dll
0x00007ffc18c50000 - 0x00007ffc18ecb000 	C:\WINDOWS\WinSxS\amd64_microsoft.windows.common-controls_6595b64144ccf1df_6.0.9600.17415_none_6240486fecbd8abb\COMCTL32.dll
0x00007ffc191d0000 - 0x00007ffc19212000 	C:\Program Files (x86)\Emsisoft Anti-Malware\a2hooks64.dll
0x00007ffc18ed0000 - 0x00007ffc18f02000 	C:\WINDOWS\SYSTEM32\ntmarta.dll
0x00000000677e0000 - 0x00000000678b2000 	C:\Program Files\Java\jdk1.8.0_25\jre\bin\msvcr100.dll
0x0000000066f80000 - 0x00000000677da000 	C:\Program Files\Java\jdk1.8.0_25\jre\bin\server\jvm.dll
0x00007ffc131a0000 - 0x00007ffc131a9000 	C:\WINDOWS\SYSTEM32\WSOCK32.dll
0x00007ffc15e60000 - 0x00007ffc15e82000 	C:\WINDOWS\SYSTEM32\WINMM.dll
0x00007ffc1b410000 - 0x00007ffc1b417000 	C:\WINDOWS\system32\PSAPI.DLL
0x00007ffc1d5d0000 - 0x00007ffc1d62a000 	C:\WINDOWS\system32\WS2_32.dll
0x00007ffc160b0000 - 0x00007ffc160da000 	C:\WINDOWS\SYSTEM32\WINMMBASE.dll
0x00007ffc1d030000 - 0x00007ffc1d039000 	C:\WINDOWS\system32\NSI.dll
0x00000000028e0000 - 0x000000000292f000 	C:\WINDOWS\SYSTEM32\cfgmgr32.dll
0x00007ffc199e0000 - 0x00007ffc19a08000 	C:\WINDOWS\SYSTEM32\DEVOBJ.dll
0x0000000069b60000 - 0x0000000069b6f000 	C:\Program Files\Java\jdk1.8.0_25\jre\bin\verify.dll
0x0000000069b30000 - 0x0000000069b58000 	C:\Program Files\Java\jdk1.8.0_25\jre\bin\java.dll
0x0000000066f60000 - 0x0000000066f76000 	C:\Program Files\Java\jdk1.8.0_25\jre\bin\zip.dll
0x00007ffc10c60000 - 0x00007ffc10c70000 	C:\Program Files (x86)\JetBrains\IntelliJ IDEA Community Edition 14.1.2\bin\breakgen64.dll
0x0000000066f40000 - 0x0000000066f5a000 	C:\Program Files\Java\jdk1.8.0_25\jre\bin\net.dll
0x00007ffc1a460000 - 0x00007ffc1a4b9000 	C:\WINDOWS\system32\mswsock.dll
0x0000000069b20000 - 0x0000000069b2d000 	C:\Program Files\Java\jdk1.8.0_25\jre\bin\management.dll
0x0000000066f20000 - 0x0000000066f31000 	C:\Program Files\Java\jdk1.8.0_25\jre\bin\nio.dll
0x00007ffc07f90000 - 0x00007ffc07fa5000 	C:\WINDOWS\system32\napinsp.dll
0x00007ffc13b20000 - 0x00007ffc13b3a000 	C:\WINDOWS\system32\pnrpnsp.dll
0x00007ffc17a40000 - 0x00007ffc17a5b000 	C:\WINDOWS\system32\NLAapi.dll
0x00007ffc1a260000 - 0x00007ffc1a304000 	C:\WINDOWS\SYSTEM32\DNSAPI.dll
0x00007ffc166b0000 - 0x00007ffc166bd000 	C:\WINDOWS\System32\winrnr.dll
0x0000000069ca0000 - 0x0000000069cc6000 	C:\Program Files\Bonjour\mdnsNSP.dll
0x00007ffc167f0000 - 0x00007ffc1681a000 	C:\WINDOWS\SYSTEM32\Iphlpapi.DLL
0x00007ffc16700000 - 0x00007ffc1670a000 	C:\WINDOWS\SYSTEM32\WINNSI.DLL
0x0000000063560000 - 0x0000000063569000 	C:\Program Files\National Instruments\Shared\mDNS Responder\nimdnsNSP.dll
0x0000000063550000 - 0x000000006355e000 	C:\WINDOWS\SYSTEM32\nimdnsResponder.dll
0x0000000069bf0000 - 0x0000000069c93000 	C:\WINDOWS\WinSxS\amd64_microsoft.vc90.crt_1fc8b3b9a1e18e3b_9.0.30729.8387_none_08e793bfa83a89b5\MSVCR90.dll
0x00007ffc12980000 - 0x00007ffc1298a000 	C:\Windows\System32\rasadhlp.dll
0x00007ffc14ef0000 - 0x00007ffc14f5b000 	C:\WINDOWS\System32\fwpuclnt.dll
0x0000000180000000 - 0x0000000180051000 	C:\Users\Matthew_2\.gradle\caches\minecraft\net\minecraft\minecraft_natives\1.7.10\lwjgl64.dll
0x00007ffc05cc0000 - 0x00007ffc05deb000 	C:\WINDOWS\SYSTEM32\OPENGL32.dll
0x00007ffc17e40000 - 0x00007ffc17e4a000 	C:\WINDOWS\SYSTEM32\VERSION.dll
0x00007ffc0b6b0000 - 0x00007ffc0b6de000 	C:\WINDOWS\SYSTEM32\GLU32.dll
0x00007ffbfd420000 - 0x00007ffbfd518000 	C:\WINDOWS\SYSTEM32\DDRAW.dll
0x00007ffc10c40000 - 0x00007ffc10c49000 	C:\WINDOWS\SYSTEM32\DCIMAN32.dll
0x00007ffc1a4c0000 - 0x00007ffc1a4e0000 	C:\WINDOWS\SYSTEM32\CRYPTSP.dll
0x00007ffc1a080000 - 0x00007ffc1a0b6000 	C:\WINDOWS\system32\rsaenh.dll
0x00007ffc1a710000 - 0x00007ffc1a736000 	C:\WINDOWS\SYSTEM32\bcrypt.dll
0x00007ffc1aa50000 - 0x00007ffc1aab3000 	C:\WINDOWS\system32\bcryptprimitives.dll
0x00007ffc1aac0000 - 0x00007ffc1aacb000 	C:\WINDOWS\SYSTEM32\CRYPTBASE.dll
0x00007ffc14ba0000 - 0x00007ffc14bb6000 	C:\WINDOWS\SYSTEM32\dhcpcsvc6.DLL
0x00007ffc15020000 - 0x00007ffc1503a000 	C:\WINDOWS\SYSTEM32\dhcpcsvc.DLL
0x0000000066d80000 - 0x0000000066f18000 	C:\Program Files\Java\jdk1.8.0_25\jre\bin\awt.dll
0x000000001ac50000 - 0x000000001ad11000 	C:\WINDOWS\system32\OLEAUT32.dll
0x00007ffc19850000 - 0x00007ffc19979000 	C:\WINDOWS\system32\uxtheme.dll
0x00007ffc18f10000 - 0x00007ffc18f31000 	C:\WINDOWS\system32\dwmapi.dll
0x00007ffc0b630000 - 0x00007ffc0b648000 	C:\WINDOWS\SYSTEM32\atig6pxx.dll
0x00000000653d0000 - 0x0000000066d71000 	C:\WINDOWS\SYSTEM32\atio6axx.dll
0x000000001c800000 - 0x000000001c9da000 	C:\WINDOWS\system32\SETUPAPI.dll
0x00007ffc16c10000 - 0x00007ffc16d38000 	C:\WINDOWS\SYSTEM32\atiadlxx.dll
0x00007ffc16980000 - 0x00007ffc16aff000 	C:\WINDOWS\SYSTEM32\PROPSYS.dll
0x00007ffc186f0000 - 0x00007ffc18702000 	C:\WINDOWS\SYSTEM32\WTSAPI32.dll
0x00007ffc1b010000 - 0x00007ffc1b061000 	C:\WINDOWS\system32\WINTRUST.dll
0x00007ffc1ae30000 - 0x00007ffc1b00f000 	C:\WINDOWS\system32\CRYPT32.dll
0x00007ffc1aca0000 - 0x00007ffc1acb1000 	C:\WINDOWS\system32\MSASN1.dll
0x00007ffc17be0000 - 0x00007ffc17d24000 	C:\WINDOWS\SYSTEM32\aticfx64.dll
0x00007ffc0b610000 - 0x00007ffc0b62e000 	C:\WINDOWS\SYSTEM32\atig6txx.dll
0x00007ffc19a30000 - 0x00007ffc19a3b000 	C:\WINDOWS\SYSTEM32\kernel.appcore.dll
0x00007ffc0d380000 - 0x00007ffc0d412000 	C:\WINDOWS\SYSTEM32\mscms.dll
0x00007ffc0b240000 - 0x00007ffc0b281000 	C:\WINDOWS\SYSTEM32\icm32.dll
0x0000000070a40000 - 0x0000000070adc000 	C:\Users\Matthew_2\.gradle\caches\minecraft\net\minecraft\minecraft_natives\1.7.10\avutil-ttv-51.dll
0x000000001e9f0000 - 0x000000001ea46000 	C:\Users\Matthew_2\.gradle\caches\minecraft\net\minecraft\minecraft_natives\1.7.10\swresample-ttv-0.dll
0x000000006eb80000 - 0x000000006ec50000 	C:\Users\Matthew_2\.gradle\caches\minecraft\net\minecraft\minecraft_natives\1.7.10\libmp3lame-ttv.dll
0x00007ffbedad0000 - 0x00007ffbeee74000 	C:\Users\Matthew_2\.gradle\caches\minecraft\net\minecraft\minecraft_natives\1.7.10\libmfxsw64.dll
0x00007ffbf4780000 - 0x00007ffbf48ab000 	C:\Users\Matthew_2\.gradle\caches\minecraft\net\minecraft\minecraft_natives\1.7.10\twitchsdk.dll
0x00007ffc14140000 - 0x00007ffc14388000 	C:\WINDOWS\SYSTEM32\WININET.dll
0x00007ffc14390000 - 0x00007ffc14657000 	C:\WINDOWS\SYSTEM32\iertutil.dll
0x00000000653a0000 - 0x00000000653c4000 	C:\Program Files\Java\jdk1.8.0_25\jre\bin\sunec.dll
0x000000001f760000 - 0x000000001f7c4000 	C:\Users\Matthew_2\.gradle\caches\minecraft\net\minecraft\minecraft_natives\1.7.10\OpenAL64.dll
0x00000000276e0000 - 0x0000000027796000 	C:\WINDOWS\SYSTEM32\clbcatq.dll
0x00007ffc18640000 - 0x00007ffc186b0000 	C:\WINDOWS\System32\MMDevApi.dll
0x00007ffc05670000 - 0x00007ffc0570d000 	C:\WINDOWS\SYSTEM32\dsound.dll
0x00007ffc1ab90000 - 0x00007ffc1abd6000 	C:\WINDOWS\SYSTEM32\POWRPROF.dll
0x00007ffc15b20000 - 0x00007ffc15b9e000 	C:\WINDOWS\SYSTEM32\AUDIOSES.DLL
0x00007ffc12630000 - 0x00007ffc127ba000 	C:\WINDOWS\SYSTEM32\dbghelp.dll

VM Arguments:
jvm_args: -Xincgc -Xmx1024M -Xms1024M -Didea.launcher.port=7535 -Didea.launcher.bin.path=C:\Program Files (x86)\JetBrains\IntelliJ IDEA Community Edition 14.1.2\bin -Dfile.encoding=windows-1252 
java_command: com.intellij.rt.execution.application.AppMain GradleStart --username Clackman7
java_class_path (initial): C:\Program Files\Java\jdk1.8.0_25\jre\lib\charsets.jar;C:\Program Files\Java\jdk1.8.0_25\jre\lib\deploy.jar;C:\Program Files\Java\jdk1.8.0_25\jre\lib\javaws.jar;C:\Program Files\Java\jdk1.8.0_25\jre\lib\jce.jar;C:\Program Files\Java\jdk1.8.0_25\jre\lib\jfr.jar;C:\Program Files\Java\jdk1.8.0_25\jre\lib\jfxswt.jar;C:\Program Files\Java\jdk1.8.0_25\jre\lib\jsse.jar;C:\Program Files\Java\jdk1.8.0_25\jre\lib\management-agent.jar;C:\Program Files\Java\jdk1.8.0_25\jre\lib\plugin.jar;C:\Program Files\Java\jdk1.8.0_25\jre\lib\resources.jar;C:\Program Files\Java\jdk1.8.0_25\jre\lib\rt.jar;C:\Program Files\Java\jdk1.8.0_25\jre\lib\ext\access-bridge-64.jar;C:\Program Files\Java\jdk1.8.0_25\jre\lib\ext\cldrdata.jar;C:\Program Files\Java\jdk1.8.0_25\jre\lib\ext\dnsns.jar;C:\Program Files\Java\jdk1.8.0_25\jre\lib\ext\jaccess.jar;C:\Program Files\Java\jdk1.8.0_25\jre\lib\ext\jfxrt.jar;C:\Program Files\Java\jdk1.8.0_25\jre\lib\ext\localedata.jar;C:\Program Files\Java\jdk1.8.0_25\jre\lib\ext\nashorn.jar;C:\Program Files\Java\jdk1.8.0_25\jre\lib\ext\sunec.jar;C:\Program Files\Java\jdk1.8.0_25\jre\lib\ext\sunjce_provider.jar;C:\Program Files\Java\jdk1.8.0_25\jre\lib\ext\sunmscapi.jar;C:\Program Files\Java\jdk1.8.0_25\jre\lib\ext\sunpkcs11.jar;C:\Program Files\Java\jdk1.8.0_25\jre\lib\ext\zipfs.jar;C:\Projects\Minecraft\versions\1.7.10\ModdingPractice\out\production\ModdingPractice;C:\Users\Matthew_2\.gradle\caches\minecraft\net\minecraftforge\forge\1.7.10-10.13.2.1230\forgeSrc-1.7.10-10.13.2.1230.jar;C:\Users\Matthew_2\.gradle\caches\modules-2\files-2.1\net.minecraft\launchwrapper\1.11\9c0592c6e1e9ea296a70948081bd4cc84dda1289\launchwrapper-1.11.jar;C:\Users\Matthew_2\.gradle\caches\modules-2\files-2.1\com.google.code.findbugs\jsr305\1.3.9\40719ea6961c0cb6afaeb6a921eaa1f6afd4cfdf\jsr305-1.3.9.jar;C:\Users\Matthew_2\.gradle\caches\modules-2\files-2.1\org.ow2.asm\asm-debug-all\5.0.3\f9e364ae2a66ce2a543012a4668856e84e5dab74\asm-debug-all-5.0.3.jar;C:\Users\Matt
Launcher Type: SUN_STANDARD

Environment Variables:
JAVA_HOME=C:\Program Files\Java\jdk1.8.0_25
PATH=C:\ProgramData\Oracle\Java\javapath;C:\WINDOWS\system32;C:\WINDOWS;C:\WINDOWS\System32\Wbem;C:\WINDOWS\System32\WindowsPowerShell\v1.0\;C:\Program Files (x86)\ATI Technologies\ATI.ACE\Core-Static;C:\Program Files (x86)\Windows Live\Shared;C:\Program Files (x86)\Windows Kits\8.1\Windows Performance Toolkit\;C:\Program Files\Microsoft SQL Server\110\Tools\Binn\;C:\Program Files (x86)\Microsoft SDKs\TypeScript\1.0\;C:\Program Files (x86)\Git\cmd;C:\Program Files\Java\jdk1.8.0_25\bin;C:\frc\bin;C:\Program Files\Java\jdk1.8.0_25
USERNAME=Matthew_2
OS=Windows_NT
PROCESSOR_IDENTIFIER=AMD64 Family 21 Model 19 Stepping 1, AuthenticAMD



---------------  S Y S T E M  ---------------

OS: Windows 8.1 , 64 bit Build 9600 

CPU:total 4 (4 cores per cpu, 1 threads per core) family 21 model 19 stepping 1, cmov, cx8, fxsr, mmx, sse, sse2, sse3, ssse3, sse4.1, sse4.2, popcnt, avx, aes, clmul, mmxext, 3dnowpref, lzcnt, sse4a, tsc, tscinvbit, tscinv, bmi1

Memory: 4k page, physical 11737352k(7070412k free), swap 13506824k(7224700k free)

vm_info: Java HotSpot(TM) 64-Bit Server VM (25.25-b02) for windows-amd64 JRE (1.8.0_25-b18), built on Oct  7 2014 14:25:37 by "java_re" with MS VC++ 10.0 (VS2010)

time: Sat May 09 16:26:26 2015
elapsed time: 25 seconds (0d 0h 0m 25s)

